<?xml version="1.0" encoding="UTF-8"?>
<!-- Generated by org.testng.reporters.JUnitReportReporter -->
<testsuite hostname="MSI" failures="0" tests="3" name="testNgPractise.DataProvidrExmple2" time="0.027" errors="0" timestamp="2025-04-02T14:37:28 IST" skipped="0">
  <testcase classname="testNgPractise.DataProvidrExmple2" name="createContactTest" time="0.002"/>
  <system-out/>
  <testcase classname="testNgPractise.DataProvidrExmple2" name="createContactTest" time="0.002"/>
  <system-out/>
  <testcase classname="testNgPractise.DataProvidrExmple2" name="createContactTest" time="0.023"/>
  <system-out/>
</testsuite> <!-- testNgPractise.DataProvidrExmple2 -->
